<?xml version="1.0" encoding="UTF-8"?>
<!-- Generated by org.testng.reporters.JUnitReportReporter -->
<testsuite skipped="0" hostname="Mohammeds-MacBook-Pro.local" name="runner.TestRunner" tests="1" failures="0" timestamp="2020-09-29T02:20:21 EET" time="57.646" errors="0">
  <testcase name="runScenario" time="57.646" classname="runner.TestRunner"/>
  <system-out/>
</testsuite> <!-- runner.TestRunner -->
